Exporting package to 'C:\Documents and Settings\Nearchos Paspallis\Eclipse\workspace\MUSICTransformation\Model\noisesensor.uml'
Retrieving data for export: packages
Retrieving data for export: diagram elements
Retrieving data for export: links
Retrieving data for export: constraints
Retrieving data for export: attribute tagged values
Retrieving data for export: operation tagged values
Retrieving data for export: operation parameter tagged values
Retrieving data for export: connector tagged values
Completed data retrieval
Pre-processing export tree...
Completed pre-processing
***** Processing package: cy.ac.ucy.cs.context.mdd.noise *****
Diagram: NoiseSensorClassDiagram
Diagram: NoiseDetectorOperatorClassDiagram
Diagram: ContextPluginCompositeStructure
Element:0: InputOp
Element:1: InputPl
Element:2: NoiseDetectorOperator
Element:3: NoiseSensorPlugin
Element:4: NoiseDetectorOperator
Element:5: InputOp
Element:6: OutputOp
Element:7: InputPl
Element:8: OutputPl
Element:9: NoiseSensorPlugin
Element:10: OutputOp
Element:11: OutputPl
Element:12: 
Element:13: 
Sequencing Interaction Diagrams
Transforming XML using Stylesheet...please wait
Export and Transform Complete!
